[2024-04-13 01:52:41.099] [info]  {
  message: 'request to http://kitploit/ failed, reason: getaddrinfo ENOTFOUND kitploit',
  type: 'system',
  errno: 'ENOTFOUND',
  code: 'ENOTFOUND'
}
[2024-04-13 01:55:00.016] [info]  Deleting read articles
[2024-04-13 01:55:00.026] [info]  Processing 2 feeds
[2024-04-13 01:55:00.821] [info]  Refreshing feeds
[2024-04-13 01:55:00.822] [info]  Nothing to refresh
[2024-04-13 02:00:00.013] [info]  Processing 9 feeds
[2024-04-13 02:00:00.030] [info]  Deleting read articles
[2024-04-13 02:00:09.934] [info]  Refreshing feeds
[2024-04-13 02:05:00.005] [info]  Deleting read articles
[2024-04-13 02:05:00.025] [info]  Processing 9 feeds
[2024-04-13 02:05:03.762] [info]  Refreshing feeds
[2024-04-13 02:10:00.009] [info]  Processing 9 feeds
[2024-04-13 02:10:00.034] [info]  Deleting read articles
[2024-04-13 02:10:03.007] [info]  Refreshing feeds
[2024-04-13 02:15:00.005] [info]  Deleting read articles
[2024-04-13 02:15:00.023] [info]  Processing 9 feeds
[2024-04-13 02:15:02.291] [info]  Refreshing feeds
[2024-04-13 02:20:00.016] [info]  Processing 9 feeds
[2024-04-13 02:20:00.034] [info]  Deleting read articles
[2024-04-13 02:20:03.158] [info]  Refreshing feeds
[2024-04-13 02:25:00.005] [info]  Deleting read articles
[2024-04-13 02:25:00.022] [info]  Processing 9 feeds
[2024-04-13 02:25:10.366] [info]  Refreshing feeds
[2024-04-13 02:30:00.005] [info]  Processing 9 feeds
[2024-04-13 02:30:00.021] [info]  Deleting read articles
[2024-04-13 02:30:10.136] [info]  Refreshing feeds
[2024-04-13 02:35:00.007] [info]  Deleting read articles
[2024-04-13 02:35:00.041] [info]  Processing 9 feeds
[2024-04-13 02:35:16.478] [info]  {
  message: 'request to https://news.google.com/news/rss/?gl=US&hl=en&ned=us failed, reason: getaddrinfo EAI_AGAIN news.google.com',
  type: 'system',
  errno: 'EAI_AGAIN',
  code: 'EAI_AGAIN'
}
[2024-04-13 02:35:20.077] [info]  {
  message: 'request to http://feeds.feedburner.com/PentestTools failed, reason: getaddrinfo EAI_AGAIN feeds.feedburner.com',
  type: 'system',
  errno: 'EAI_AGAIN',
  code: 'EAI_AGAIN'
}
[2024-04-13 02:35:31.806] [info]  {
  message: 'request to http://rss.slashdot.org/Slashdot/slashdotMain failed, reason: getaddrinfo EAI_AGAIN rss.slashdot.org',
  type: 'system',
  errno: 'EAI_AGAIN',
  code: 'EAI_AGAIN'
}
[2024-04-13 02:35:31.808] [info]  {
  message: 'request to https://news.ycombinator.com/rss failed, reason: getaddrinfo EAI_AGAIN news.ycombinator.com',
  type: 'system',
  errno: 'EAI_AGAIN',
  code: 'EAI_AGAIN'
}
[2024-04-13 02:35:51.822] [info]  {
  message: 'request to https://lifehacker.com/rss failed, reason: getaddrinfo EAI_AGAIN lifehacker.com',
  type: 'system',
  errno: 'EAI_AGAIN',
  code: 'EAI_AGAIN'
}
[2024-04-13 02:35:51.824] [info]  {
  message: 'request to https://www.rt.com/rss/news/ failed, reason: getaddrinfo EAI_AGAIN www.rt.com',
  type: 'system',
  errno: 'EAI_AGAIN',
  code: 'EAI_AGAIN'
}
[2024-04-13 02:36:07.530] [info]  {
  message: 'request to https://gizmodo.com/rss failed, reason: getaddrinfo EAI_AGAIN gizmodo.com',
  type: 'system',
  errno: 'EAI_AGAIN',
  code: 'EAI_AGAIN'
}
[2024-04-13 02:36:07.531] [info]  {
  message: 'request to https://www.engadget.com/rss.xml failed, reason: getaddrinfo EAI_AGAIN www.engadget.com',
  type: 'system',
  errno: 'EAI_AGAIN',
  code: 'EAI_AGAIN'
}
[2024-04-13 02:36:19.818] [info]  {
  message: 'request to http://www.wired.com/rss/index.xml failed, reason: getaddrinfo EAI_AGAIN www.wired.com',
  type: 'system',
  errno: 'EAI_AGAIN',
  code: 'EAI_AGAIN'
}
[2024-04-13 02:36:19.819] [info]  Refreshing feeds
[2024-04-13 02:36:19.820] [info]  Nothing to refresh
[2024-04-13 02:49:34.462] [info]  Refreshing feeds
[2024-04-13 02:50:00.027] [info]  Deleting read articles
[2024-04-13 02:50:00.041] [info]  Processing 9 feeds
[2024-04-13 02:50:06.874] [info]  {
  message: 'request to http://rss.slashdot.org/Slashdot/slashdotMain failed, reason: read ECONNRESET',
  type: 'system',
  errno: 'ECONNRESET',
  code: 'ECONNRESET'
}
[2024-04-13 02:50:09.179] [info]  Refreshing feeds
[2024-04-13 02:50:09.180] [info]  Nothing to refresh
[2024-04-13 02:55:00.006] [info]  Processing 9 feeds
[2024-04-13 02:55:00.027] [info]  Deleting read articles
[2024-04-13 02:55:03.347] [info]  Refreshing feeds
[2024-04-13 03:00:00.014] [info]  Deleting read articles
[2024-04-13 03:00:00.031] [info]  Processing 9 feeds
[2024-04-13 03:00:03.625] [info]  Refreshing feeds
[2024-04-13 03:05:00.010] [info]  Processing 9 feeds
[2024-04-13 03:05:00.030] [info]  Deleting read articles
[2024-04-13 03:05:02.721] [info]  Refreshing feeds
[2024-04-13 03:10:00.003] [info]  Deleting read articles
[2024-04-13 03:10:00.010] [info]  Processing 9 feeds
[2024-04-13 03:10:08.555] [info]  Refreshing feeds
[2024-04-13 03:15:00.009] [info]  Processing 9 feeds
[2024-04-13 03:15:00.034] [info]  Deleting read articles
[2024-04-13 03:15:02.210] [info]  Refreshing feeds
[2024-04-13 03:20:00.010] [info]  Deleting read articles
[2024-04-13 03:20:00.023] [info]  Processing 9 feeds
[2024-04-13 03:20:02.961] [info]  Refreshing feeds
[2024-04-13 03:25:00.005] [info]  Processing 9 feeds
[2024-04-13 03:25:00.022] [info]  Deleting read articles
[2024-04-13 03:25:04.649] [info]  Refreshing feeds
[2024-04-13 03:30:00.008] [info]  Deleting read articles
[2024-04-13 03:30:00.023] [info]  Processing 9 feeds
[2024-04-13 03:30:02.222] [info]  Refreshing feeds
[2024-04-13 03:35:00.006] [info]  Processing 9 feeds
[2024-04-13 03:35:00.036] [info]  Deleting read articles
[2024-04-13 03:35:05.314] [info]  Refreshing feeds
[2024-04-13 23:47:45.884] [info]  Refreshing feeds
[2024-04-13 23:50:00.017] [info]  Deleting read articles
[2024-04-13 23:50:00.027] [info]  Processing 9 feeds
[2024-04-13 23:50:09.336] [info]  Refreshing feeds
[2024-04-13 23:55:00.010] [info]  Processing 9 feeds
[2024-04-13 23:55:00.032] [info]  Deleting read articles
[2024-04-13 23:55:03.854] [info]  Refreshing feeds
[2024-04-14 00:00:00.013] [info]  Deleting read articles
[2024-04-14 00:00:00.030] [info]  Processing 9 feeds
[2024-04-14 00:00:02.264] [info]  Refreshing feeds
[2024-04-16 01:47:45.654] [info]  Refreshing feeds
